0 info it worked if it ends with ok
1 verbose cli [ 'C:\\software\\nodejs\\node.exe',
1 verbose cli   'C:\\Users\\games\\AppData\\Roaming\\npm\\node_modules\\npm\\bin\\npm-cli.js',
1 verbose cli   'start' ]
2 info using npm@3.9.3
3 info using node@v6.9.1
4 verbose run-script [ 'prestart', 'start', 'poststart' ]
5 info lifecycle PMCloudPlatform_Web@0.0.0~prestart: PMCloudPlatform_Web@0.0.0
6 silly lifecycle PMCloudPlatform_Web@0.0.0~prestart: no script for prestart, continuing
7 info lifecycle PMCloudPlatform_Web@0.0.0~start: PMCloudPlatform_Web@0.0.0
8 verbose lifecycle PMCloudPlatform_Web@0.0.0~start: unsafe-perm in lifecycle true
9 verbose lifecycle PMCloudPlatform_Web@0.0.0~start: PATH: C:\Users\games\AppData\Roaming\npm\node_modules\npm\bin\node-gyp-bin;C:\selfData\myGit\PMCloudPlatform_Web\node_modules\.bin;C:\software\nodejs;C:\ProgramData\Oracle\Java\javapath;C:\software\Python27\Lib\site-packages\PyQt4;C:\software\Python27\;C:\software\Python27\Scripts;C:\WINDOWS\system32;C:\WINDOWS;C:\WINDOWS\System32\Wbem;C:\WINDOWS\System32\WindowsPowerShell\v1.0\;C:\WINDOWS\system32\config\systemprofile\.dnx\bin;C:\Program Files\Microsoft DNX\Dnvm\;%OpenCV%\x86\vc12\bin;C:\Program Files (x86)\Windows Kits\8.1\Windows Performance Toolkit\;C:\Program Files\Microsoft SQL Server\110\Tools\Binn\;C:\software\Calibre\;C:\software\MATLAB\R2016a\runtime\win64;C:\software\MATLAB\R2016a\bin;C:\software\MATLAB\R2016a\polyspace\bin;C:\Program Files\Java\jdk1.8.0_101\bin;C:\Program Files\Java\jdk1.8.0_101\jre\bin;C:\software\TortoiseGit\bin;C:\software\Tesseract-OCR;C:\software\nodejs\;C:\Users\games\AppData\Local\Microsoft\WindowsApps;C:\software\texlive\2016\bin\win32;C:\software\SumatraPDF-3.1.2-64;C:\software\Tesseract-OCR\;C:\Users\games\AppData\Roaming\npm;C:\software\Microsoft VS Code\bin;C:\software\Git\bin
10 verbose lifecycle PMCloudPlatform_Web@0.0.0~start: CWD: C:\selfData\myGit\PMCloudPlatform_Web
11 silly lifecycle PMCloudPlatform_Web@0.0.0~start: Args: [ '/d /s /c', 'node ./bin/www' ]
12 silly lifecycle PMCloudPlatform_Web@0.0.0~start: Returned: code: 1  signal: null
13 info lifecycle PMCloudPlatform_Web@0.0.0~start: Failed to exec start script
14 verbose stack Error: PMCloudPlatform_Web@0.0.0 start: `node ./bin/www`
14 verbose stack Exit status 1
14 verbose stack     at EventEmitter.<anonymous> (C:\Users\games\AppData\Roaming\npm\node_modules\npm\lib\utils\lifecycle.js:245:16)
14 verbose stack     at emitTwo (events.js:106:13)
14 verbose stack     at EventEmitter.emit (events.js:191:7)
14 verbose stack     at ChildProcess.<anonymous> (C:\Users\games\AppData\Roaming\npm\node_modules\npm\lib\utils\spawn.js:24:14)
14 verbose stack     at emitTwo (events.js:106:13)
14 verbose stack     at ChildProcess.emit (events.js:191:7)
14 verbose stack     at maybeClose (internal/child_process.js:877:16)
14 verbose stack     at Process.ChildProcess._handle.onexit (internal/child_process.js:226:5)
15 verbose pkgid PMCloudPlatform_Web@0.0.0
16 verbose cwd C:\selfData\myGit\PMCloudPlatform_Web
17 error Windows_NT 10.0.14393
18 error argv "C:\\software\\nodejs\\node.exe" "C:\\Users\\games\\AppData\\Roaming\\npm\\node_modules\\npm\\bin\\npm-cli.js" "start"
19 error node v6.9.1
20 error npm  v3.9.3
21 error code ELIFECYCLE
22 error PMCloudPlatform_Web@0.0.0 start: `node ./bin/www`
22 error Exit status 1
23 error Failed at the PMCloudPlatform_Web@0.0.0 start script 'node ./bin/www'.
23 error Make sure you have the latest version of node.js and npm installed.
23 error If you do, this is most likely a problem with the PMCloudPlatform_Web package,
23 error not with npm itself.
23 error Tell the author that this fails on your system:
23 error     node ./bin/www
23 error You can get information on how to open an issue for this project with:
23 error     npm bugs PMCloudPlatform_Web
23 error Or if that isn't available, you can get their info via:
23 error     npm owner ls PMCloudPlatform_Web
23 error There is likely additional logging output above.
24 verbose exit [ 1, true ]
